/home/chefos/anaconda3/envs/opv_ml/lib/python3.10/site-packages/torch/cuda/__init__.py:107: UserWarning: CUDA initialization: The NVIDIA driver on your system is too old (found version 10020). Please update your GPU driver by downloading and installing a new version from the URL: http://www.nvidia.com/Download/index.aspx Alternatively, go to: https://pytorch.org to install a PyTorch version that has been compiled with your version of the CUDA driver. (Triggered internally at ../c10/cuda/CUDAFunctions.cpp:109.)
  return torch._C._cuda_getDeviceCount() > 0
Average scores:	 r: 0.7±0.05	 r2: 0.48±0.07
Filename: RF
Saved results to:
/home/chefos/projects/ml_for_opvs/results_Hutchison/target_PCE/features_ECFP/RF_scores.json
/home/chefos/projects/ml_for_opvs/results_Hutchison/target_PCE/features_ECFP/RF_predictions.csv
Average scores:	 r: 0.52±0.08	 r2: 0.26±0.1
Filename: RF
Saved results to:
/home/chefos/projects/ml_for_opvs/results_Hutchison/target_PCE/features_mordred/RF_scores.json
/home/chefos/projects/ml_for_opvs/results_Hutchison/target_PCE/features_mordred/RF_predictions.csv
Average scores:	 r: 0.7±0.05	 r2: 0.48±0.08
Filename: HGB
Saved results to:
/home/chefos/projects/ml_for_opvs/results_Hutchison/target_PCE/features_ECFP/HGB_scores.json
/home/chefos/projects/ml_for_opvs/results_Hutchison/target_PCE/features_ECFP/HGB_predictions.csv
Average scores:	 r: 0.81±0.01	 r2: 0.65±0.02
Filename: HGB
Saved results to:
/home/chefos/projects/ml_for_opvs/results_Hutchison/target_PCE/features_mordred/HGB_scores.json
/home/chefos/projects/ml_for_opvs/results_Hutchison/target_PCE/features_mordred/HGB_predictions.csv
