/home/chefos/anaconda3/envs/opv_ml/lib/python3.10/site-packages/torch/cuda/__init__.py:107: UserWarning: CUDA initialization: The NVIDIA driver on your system is too old (found version 10020). Please update your GPU driver by downloading and installing a new version from the URL: http://www.nvidia.com/Download/index.aspx Alternatively, go to: https://pytorch.org to install a PyTorch version that has been compiled with your version of the CUDA driver. (Triggered internally at ../c10/cuda/CUDAFunctions.cpp:109.)
  return torch._C._cuda_getDeviceCount() > 0
n numeric features: 12
Average scores:	 r: 0.84±0.02	 r2: 0.7±0.04
Filename: RF
Saved results to:
/home/chefos/projects/ml_for_opvs/results_Saeki/target_PCE/features_ECFP-material properties Saeki/RF_scores.json
/home/chefos/projects/ml_for_opvs/results_Saeki/target_PCE/features_ECFP-material properties Saeki/RF_predictions.csv
n numeric features: 12
Average scores:	 r: 0.77±0.03	 r2: 0.59±0.05
Filename: RF
Saved results to:
/home/chefos/projects/ml_for_opvs/results_Saeki/target_PCE/features_mordred-material properties Saeki/RF_scores.json
/home/chefos/projects/ml_for_opvs/results_Saeki/target_PCE/features_mordred-material properties Saeki/RF_predictions.csv
n numeric features: 12
Average scores:	 r: 0.84±0.02	 r2: 0.7±0.03
Filename: HGB
Saved results to:
/home/chefos/projects/ml_for_opvs/results_Saeki/target_PCE/features_ECFP-material properties Saeki/HGB_scores.json
/home/chefos/projects/ml_for_opvs/results_Saeki/target_PCE/features_ECFP-material properties Saeki/HGB_predictions.csv
n numeric features: 12
Average scores:	 r: 0.78±0.02	 r2: 0.6±0.04
Filename: HGB
Saved results to:
/home/chefos/projects/ml_for_opvs/results_Saeki/target_PCE/features_mordred-material properties Saeki/HGB_scores.json
/home/chefos/projects/ml_for_opvs/results_Saeki/target_PCE/features_mordred-material properties Saeki/HGB_predictions.csv
