n numeric features: 8
Average scores:	 r: 0.77±0.05	 r2: 0.58±0.08
Saved results to:
/Users/mseifrid/Aspuru-Guzik Lab Dropbox/Martin Seifrid/Matter Lab/Data/Code/ML for OPV/results/target_PCE/features_ECFP-material properties/RF_scores.json
/Users/mseifrid/Aspuru-Guzik Lab Dropbox/Martin Seifrid/Matter Lab/Data/Code/ML for OPV/results/target_PCE/features_ECFP-material properties/RF_predictions.csv
n numeric features: 8
Average scores:	 r: 0.78±0.05	 r2: 0.59±0.07
Saved results to:
/Users/mseifrid/Aspuru-Guzik Lab Dropbox/Martin Seifrid/Matter Lab/Data/Code/ML for OPV/results/target_PCE/features_mordred-material properties/RF_scores.json
/Users/mseifrid/Aspuru-Guzik Lab Dropbox/Martin Seifrid/Matter Lab/Data/Code/ML for OPV/results/target_PCE/features_mordred-material properties/RF_predictions.csv
n numeric features: 8
Average scores:	 r: 0.77±0.05	 r2: 0.57±0.08
Saved results to:
/Users/mseifrid/Aspuru-Guzik Lab Dropbox/Martin Seifrid/Matter Lab/Data/Code/ML for OPV/results/target_PCE/features_ECFP-material properties/XGB_scores.json
/Users/mseifrid/Aspuru-Guzik Lab Dropbox/Martin Seifrid/Matter Lab/Data/Code/ML for OPV/results/target_PCE/features_ECFP-material properties/XGB_predictions.csv
n numeric features: 8
Average scores:	 r: 0.75±0.05	 r2: 0.56±0.08
Saved results to:
/Users/mseifrid/Aspuru-Guzik Lab Dropbox/Martin Seifrid/Matter Lab/Data/Code/ML for OPV/results/target_PCE/features_mordred-material properties/XGB_scores.json
/Users/mseifrid/Aspuru-Guzik Lab Dropbox/Martin Seifrid/Matter Lab/Data/Code/ML for OPV/results/target_PCE/features_mordred-material properties/XGB_predictions.csv
n numeric features: 8
